<?xml version="1.0" encoding="UTF-8"?>
<!-- Generated by org.testng.reporters.JUnitReportReporter -->
<testsuite name="com.testcases.LoginTestCRM" tests="1" time="11.306" ignored="0" failures="0" timestamp="11 Dec 2019 07:02:09 GMT" skipped="0" hostname="LP-Manish8Kumar" errors="0">
  <testcase name="loginApp" time="11.306" classname="com.testcases.LoginTestCRM"/>
</testsuite> <!-- com.testcases.LoginTestCRM -->
